mode: set
github.com/pischarti/pmg/cmd/cloudflare/cmd.go:45.13,50.2 4 1
github.com/pischarti/pmg/cmd/cloudflare/cmd.go:52.55,56.16 3 1
github.com/pischarti/pmg/cmd/cloudflare/cmd.go:56.16,58.3 1 1
github.com/pischarti/pmg/cmd/cloudflare/cmd.go:60.2,63.16 3 1
github.com/pischarti/pmg/cmd/cloudflare/cmd.go:63.16,65.3 1 1
github.com/pischarti/pmg/cmd/cloudflare/cmd.go:67.2,67.23 1 1
github.com/pischarti/pmg/cmd/cloudflare/cmd.go:67.23,70.3 2 1
github.com/pischarti/pmg/cmd/cloudflare/cmd.go:71.2,72.12 2 1
github.com/pischarti/pmg/cmd/cloudflare/cmd.go:75.55,79.16 3 1
github.com/pischarti/pmg/cmd/cloudflare/cmd.go:79.16,81.3 1 1
github.com/pischarti/pmg/cmd/cloudflare/cmd.go:83.2,84.16 2 1
github.com/pischarti/pmg/cmd/cloudflare/cmd.go:84.16,86.3 1 0
github.com/pischarti/pmg/cmd/cloudflare/cmd.go:88.2,89.84 2 1
github.com/pischarti/pmg/cmd/cloudflare/cmd.go:89.84,91.3 1 1
github.com/pischarti/pmg/cmd/cloudflare/cmd.go:93.2,93.12 1 1
github.com/pischarti/pmg/pkg/utils/errors.go:11.41,12.16 1 1
github.com/pischarti/pmg/pkg/utils/errors.go:12.16,14.3 1 1
github.com/pischarti/pmg/pkg/utils/errors.go:16.2,17.65 2 1
github.com/pischarti/pmg/pkg/utils/errors.go:17.65,19.3 1 1
github.com/pischarti/pmg/pkg/utils/errors.go:21.2,22.65 2 1
github.com/pischarti/pmg/pkg/utils/errors.go:22.65,24.3 1 1
github.com/pischarti/pmg/pkg/utils/errors.go:26.2,26.12 1 1
github.com/pischarti/pmg/pkg/cloudflare/client.go:21.41,23.2 1 1
github.com/pischarti/pmg/pkg/cloudflare/client.go:26.51,28.2 1 0
github.com/pischarti/pmg/pkg/cloudflare/client.go:30.45,35.9 4 1
github.com/pischarti/pmg/pkg/cloudflare/client.go:36.19,38.17 2 1
github.com/pischarti/pmg/pkg/cloudflare/client.go:38.17,40.4 1 0
github.com/pischarti/pmg/pkg/cloudflare/client.go:41.3,41.18 1 1
github.com/pischarti/pmg/pkg/cloudflare/client.go:42.38,44.17 2 0
github.com/pischarti/pmg/pkg/cloudflare/client.go:44.17,46.4 1 0
github.com/pischarti/pmg/pkg/cloudflare/client.go:47.3,47.18 1 0
github.com/pischarti/pmg/pkg/cloudflare/client.go:48.38,49.112 1 1
github.com/pischarti/pmg/pkg/cloudflare/client.go:50.38,51.112 1 1
github.com/pischarti/pmg/pkg/cloudflare/client.go:52.10,53.137 1 1
github.com/pischarti/pmg/pkg/cloudflare/dns.go:20.93,21.16 1 1
github.com/pischarti/pmg/pkg/cloudflare/dns.go:21.16,23.3 1 1
github.com/pischarti/pmg/pkg/cloudflare/dns.go:25.2,26.16 2 1
github.com/pischarti/pmg/pkg/cloudflare/dns.go:26.16,28.3 1 1
github.com/pischarti/pmg/pkg/cloudflare/dns.go:30.2,33.16 3 1
github.com/pischarti/pmg/pkg/cloudflare/dns.go:33.16,35.3 1 1
github.com/pischarti/pmg/pkg/cloudflare/dns.go:37.2,37.42 1 1
github.com/pischarti/pmg/pkg/cloudflare/dns.go:37.42,38.41 1 1
github.com/pischarti/pmg/pkg/cloudflare/dns.go:38.41,40.4 1 1
github.com/pischarti/pmg/pkg/cloudflare/dns.go:41.3,41.43 1 1
github.com/pischarti/pmg/pkg/cloudflare/dns.go:44.2,44.21 1 1
github.com/pischarti/pmg/pkg/cloudflare/dns.go:48.65,53.33 4 1
github.com/pischarti/pmg/pkg/cloudflare/dns.go:53.33,55.22 2 1
github.com/pischarti/pmg/pkg/cloudflare/dns.go:55.22,57.4 1 1
github.com/pischarti/pmg/pkg/cloudflare/dns.go:59.3,60.47 2 1
github.com/pischarti/pmg/pkg/cloudflare/dns.go:60.47,62.4 1 1
github.com/pischarti/pmg/pkg/cloudflare/dns.go:64.3,70.5 1 1
github.com/pischarti/pmg/pkg/cloudflare/dns.go:73.2,73.13 1 1
github.com/pischarti/pmg/pkg/cloudflare/sync.go:40.56,42.16 2 1
github.com/pischarti/pmg/pkg/cloudflare/sync.go:42.16,44.3 1 0
github.com/pischarti/pmg/pkg/cloudflare/sync.go:46.2,47.54 2 1
github.com/pischarti/pmg/pkg/cloudflare/sync.go:47.54,49.3 1 0
github.com/pischarti/pmg/pkg/cloudflare/sync.go:51.2,51.27 1 1
github.com/pischarti/pmg/pkg/cloudflare/sync.go:51.27,53.3 1 0
github.com/pischarti/pmg/pkg/cloudflare/sync.go:55.2,55.29 1 1
github.com/pischarti/pmg/pkg/cloudflare/sync.go:55.29,59.32 3 1
github.com/pischarti/pmg/pkg/cloudflare/sync.go:59.32,61.4 1 0
github.com/pischarti/pmg/pkg/cloudflare/sync.go:62.3,62.32 1 1
github.com/pischarti/pmg/pkg/cloudflare/sync.go:62.32,64.4 1 0
github.com/pischarti/pmg/pkg/cloudflare/sync.go:65.3,65.34 1 1
github.com/pischarti/pmg/pkg/cloudflare/sync.go:65.34,67.4 1 0
github.com/pischarti/pmg/pkg/cloudflare/sync.go:68.3,68.32 1 1
github.com/pischarti/pmg/pkg/cloudflare/sync.go:69.32,69.32 0 1
github.com/pischarti/pmg/pkg/cloudflare/sync.go:71.11,72.114 1 0
github.com/pischarti/pmg/pkg/cloudflare/sync.go:74.3,74.71 1 1
github.com/pischarti/pmg/pkg/cloudflare/sync.go:74.71,76.4 1 0
github.com/pischarti/pmg/pkg/cloudflare/sync.go:79.2,79.25 1 1
github.com/pischarti/pmg/pkg/cloudflare/sync.go:83.115,84.16 1 1
github.com/pischarti/pmg/pkg/cloudflare/sync.go:84.16,86.3 1 0
github.com/pischarti/pmg/pkg/cloudflare/sync.go:87.2,87.16 1 1
github.com/pischarti/pmg/pkg/cloudflare/sync.go:87.16,89.3 1 0
github.com/pischarti/pmg/pkg/cloudflare/sync.go:91.2,92.16 2 1
github.com/pischarti/pmg/pkg/cloudflare/sync.go:92.16,94.3 1 0
github.com/pischarti/pmg/pkg/cloudflare/sync.go:95.2,97.29 2 1
github.com/pischarti/pmg/pkg/cloudflare/sync.go:97.29,98.22 1 1
github.com/pischarti/pmg/pkg/cloudflare/sync.go:99.18,100.64 1 1
github.com/pischarti/pmg/pkg/cloudflare/sync.go:100.64,102.5 1 1
github.com/pischarti/pmg/pkg/cloudflare/sync.go:103.21,104.64 1 1
github.com/pischarti/pmg/pkg/cloudflare/sync.go:104.64,106.5 1 0
github.com/pischarti/pmg/pkg/cloudflare/sync.go:107.11,108.84 1 0
github.com/pischarti/pmg/pkg/cloudflare/sync.go:112.2,112.12 1 1
github.com/pischarti/pmg/pkg/cloudflare/sync.go:115.121,120.16 2 1
github.com/pischarti/pmg/pkg/cloudflare/sync.go:120.16,122.3 1 1
github.com/pischarti/pmg/pkg/cloudflare/sync.go:124.2,124.33 1 1
github.com/pischarti/pmg/pkg/cloudflare/sync.go:124.33,125.35 1 1
github.com/pischarti/pmg/pkg/cloudflare/sync.go:125.35,128.4 2 1
github.com/pischarti/pmg/pkg/cloudflare/sync.go:131.2,132.38 2 1
github.com/pischarti/pmg/pkg/cloudflare/sync.go:132.38,134.3 1 0
github.com/pischarti/pmg/pkg/cloudflare/sync.go:136.2,142.25 2 1
github.com/pischarti/pmg/pkg/cloudflare/sync.go:142.25,144.3 1 0
github.com/pischarti/pmg/pkg/cloudflare/sync.go:146.2,146.64 1 1
github.com/pischarti/pmg/pkg/cloudflare/sync.go:146.64,148.3 1 0
github.com/pischarti/pmg/pkg/cloudflare/sync.go:150.2,151.12 2 1
github.com/pischarti/pmg/pkg/cloudflare/sync.go:154.121,159.16 2 1
github.com/pischarti/pmg/pkg/cloudflare/sync.go:159.16,161.3 1 0
github.com/pischarti/pmg/pkg/cloudflare/sync.go:163.2,164.33 2 1
github.com/pischarti/pmg/pkg/cloudflare/sync.go:164.33,165.55 1 1
github.com/pischarti/pmg/pkg/cloudflare/sync.go:165.55,167.4 1 1
github.com/pischarti/pmg/pkg/cloudflare/sync.go:170.2,170.23 1 1
github.com/pischarti/pmg/pkg/cloudflare/sync.go:170.23,173.3 2 1
github.com/pischarti/pmg/pkg/cloudflare/sync.go:175.2,175.33 1 1
github.com/pischarti/pmg/pkg/cloudflare/sync.go:175.33,176.65 1 1
github.com/pischarti/pmg/pkg/cloudflare/sync.go:176.65,178.4 1 0
github.com/pischarti/pmg/pkg/cloudflare/sync.go:179.3,179.82 1 1
github.com/pischarti/pmg/pkg/cloudflare/sync.go:182.2,182.12 1 1
